[2019-11-16 10:26:09] local.ERROR: Command "event" is not defined.

Did you mean one of these?
    event:cache
    event:clear
    event:generate
    event:list
    make:event {"exception":"[object] (Symfony\\Component\\Console\\Exception\\CommandNotFoundException(code: 0): Command \"event\" is not defined.

Did you mean one of these?
    event:cache
    event:clear
    event:generate
    event:list
    make:event at /var/www/html/Equine/smartstable-Managment/vendor/symfony/console/Application.php:652)
[stacktrace]
#0 /var/www/html/Equine/smartstable-Managment/vendor/symfony/console/Application.php(237): Symfony\\Component\\Console\\Application->find('event')
#1 /var/www/html/Equine/smartstable-Managment/vendor/symfony/console/Application.php(149): Symfony\\Component\\Console\\Application->doRun(Object(Symfony\\Component\\Console\\Input\\ArgvInput), Object(Symfony\\Component\\Console\\Output\\ConsoleOutput))
#2 /var/www/html/Equine/smartstable-Managment/vendor/laravel/framework/src/Illuminate/Console/Application.php(90): Symfony\\Component\\Console\\Application->run(Object(Symfony\\Component\\Console\\Input\\ArgvInput), Object(Symfony\\Component\\Console\\Output\\ConsoleOutput))
#3 /var/www/html/Equine/smartstable-Managment/vendor/laravel/framework/src/Illuminate/Foundation/Console/Kernel.php(133): Illuminate\\Console\\Application->run(Object(Symfony\\Component\\Console\\Input\\ArgvInput), Object(Symfony\\Component\\Console\\Output\\ConsoleOutput))
#4 /var/www/html/Equine/smartstable-Managment/artisan(37): Illuminate\\Foundation\\Console\\Kernel->handle(Object(Symfony\\Component\\Console\\Input\\ArgvInput), Object(Symfony\\Component\\Console\\Output\\ConsoleOutput))
#5 {main}
"} 
